Base path: 'C:/Program Files/Unity/Hub/Editor/2019.3.10f1/Editor/Data', plugins path 'C:/Program Files/Unity/Hub/Editor/2019.3.10f1/Editor/Data/PlaybackEngines'
Cmd: initializeCompiler
Cmd: compileComputeKernel
  api=4 insize=595 outsize=479 ok=1
Cmd: compileComputeKernel
  api=4 insize=16425 outsize=6980 ok=1
Cmd: compileComputeKernel
  api=4 insize=9809 outsize=5335 ok=1
Cmd: compileComputeKernel
  api=4 insize=9809 outsize=8504 ok=1
Cmd: compileComputeKernel
  api=4 insize=17994 outsize=8303 ok=1
Cmd: compileComputeKernel
  api=4 insize=4823 outsize=667 ok=1
Cmd: compileComputeKernel
  api=4 insize=4823 outsize=2756 ok=1
Cmd: compileComputeKernel
  api=4 insize=2617 outsize=869 ok=1
Cmd: compileComputeKernel
  api=4 insize=14139 outsize=1892 ok=1
Cmd: compileComputeKernel
  api=4 insize=11086 outsize=666 ok=1
Cmd: compileComputeKernel
  api=4 insize=11086 outsize=4699 ok=1
Cmd: compileComputeKernel
  api=4 insize=40264 outsize=37243 ok=1
Cmd: compileComputeKernel
  api=4 insize=40264 outsize=39580 ok=1
Cmd: compileComputeKernel
  api=4 insize=8511 outsize=1015 ok=1
Cmd: compileComputeKernel
  api=4 insize=3450 outsize=1061 ok=1
Cmd: compileComputeKernel
  api=4 insize=22295 outsize=14163 ok=1
Cmd: compileComputeKernel
  api=4 insize=22295 outsize=15432 ok=1
Cmd: compileComputeKernel
  api=4 insize=7840 outsize=7432 ok=1
Cmd: compileComputeKernel
  api=4 insize=22339 outsize=2349 ok=1
Cmd: compileComputeKernel
  api=4 insize=6119 outsize=2055 ok=1
Cmd: compileComputeKernel
  api=4 insize=6745 outsize=898 ok=1
Cmd: compileComputeKernel
  api=4 insize=6745 outsize=1243 ok=1
Cmd: compileComputeKernel
  api=4 insize=6745 outsize=695 ok=1
Cmd: compileComputeKernel
  api=4 insize=6745 outsize=2911 ok=1
Cmd: compileComputeKernel
  api=4 insize=704 outsize=710 ok=1
Cmd: compileComputeKernel
  api=4 insize=26542 outsize=15695 ok=1
Cmd: compileComputeKernel
  api=4 insize=16295 outsize=32541 ok=1
Cmd: compileComputeKernel
  api=4 insize=16295 outsize=34926 ok=1
Cmd: compileComputeKernel
  api=4 insize=16295 outsize=39548 ok=1
Cmd: compileComputeKernel
  api=4 insize=16295 outsize=14947 ok=1
Cmd: compileComputeKernel
  api=4 insize=16295 outsize=16202 ok=1
Cmd: compileComputeKernel
  api=4 insize=16295 outsize=34146 ok=1
Cmd: compileComputeKernel
  api=4 insize=16295 outsize=41353 ok=1
Cmd: compileComputeKernel
  api=4 insize=16295 outsize=41001 ok=1
Cmd: compileComputeKernel
  api=4 insize=16295 outsize=48700 ok=1
Cmd: compileComputeKernel
  api=4 insize=16295 outsize=59115 ok=1
Cmd: compileComputeKernel
  api=4 insize=16295 outsize=39548 ok=1
Cmd: compileComputeKernel
  api=4 insize=16295 outsize=14947 ok=1
Cmd: compileComputeKernel
  api=4 insize=16295 outsize=16202 ok=1
Cmd: compileComputeKernel
  api=4 insize=16295 outsize=34146 ok=1
Cmd: compileComputeKernel
  api=4 insize=16295 outsize=41353 ok=1
Cmd: compileComputeKernel
  api=4 insize=16295 outsize=83077 ok=1
Cmd: compileComputeKernel
  api=4 insize=5893 outsize=5009 ok=1
Cmd: compileComputeKernel
  api=4 insize=28593 outsize=426 ok=1
Cmd: compileComputeKernel
  api=4 insize=28593 outsize=839 ok=1
Cmd: compileComputeKernel
  api=4 insize=12177 outsize=1172 ok=1
Cmd: compileComputeKernel
  api=4 insize=3549 outsize=4769 ok=1
Cmd: compileComputeKernel
  api=4 insize=13959 outsize=4058 ok=1
Cmd: compileComputeKernel
  api=4 insize=10587 outsize=7594 ok=1
Cmd: initializeCompiler

Quitting shader compiler process
